<?xml version="1.0" encoding="UTF-8"?>
<!-- Generated by org.testng.reporters.JUnitReportReporter -->
<testsuite hostname="IB" name="runner.RunCuke" tests="1" failures="0" timestamp="15 Nov 2019 17:07:39 GMT" time="53.148" errors="0">
  <testcase name="feature" time="53.148" classname="runner.RunCuke"/>
</testsuite> <!-- runner.RunCuke -->
